<?xml version="1.0" encoding="UTF-8"?>
<!-- Generated by org.testng.reporters.JUnitReportReporter -->
<testsuite hostname="JeffSchulthies.local" name="data.fileio.FileOutputTest" tests="2" failures="0" timestamp="15 Apr 2015 04:49:26 GMT" time="0.000" errors="0">
  <testcase name="testGetDate" time="0.000" classname="data.fileio.FileOutputTest"/>
  <testcase name="testFileWriter" time="0.000" classname="data.fileio.FileOutputTest"/>
</testsuite> <!-- data.fileio.FileOutputTest -->
