<?xml version="1.0" encoding="UTF-8"?>
<!-- Generated by org.testng.reporters.JUnitReportReporter -->
<testsuite hostname="JeffSchulthies.local" name="gwu.jeffschulthies.data.parser.HomepageTest" tests="1" failures="0" timestamp="15 Apr 2015 06:03:43 GMT" time="0.000" errors="0">
  <testcase name="testRetrieveHomepage" time="0.000" classname="gwu.jeffschulthies.data.parser.HomepageTest"/>
</testsuite> <!-- gwu.jeffschulthies.data.parser.HomepageTest -->
