<?xml version="1.0" encoding="UTF-8"?>
<!-- Generated by org.testng.reporters.JUnitReportReporter -->
<testsuite hostname="JeffSchulthies.local" name="gwu.jeffschulthies.data.retrieval.RetrievePageTest" tests="2" failures="0" timestamp="15 Apr 2015 06:11:33 GMT" time="0.000" errors="0">
  <testcase name="testRetrieveWebPage" time="0.000" classname="gwu.jeffschulthies.data.retrieval.RetrievePageTest"/>
  <testcase name="testRetrieveFirstArticle" time="0.000" classname="gwu.jeffschulthies.data.retrieval.RetrievePageTest"/>
</testsuite> <!-- gwu.jeffschulthies.data.retrieval.RetrievePageTest -->
