<?xml version="1.0" encoding="UTF-8"?>
<!-- Generated by org.testng.reporters.JUnitReportReporter -->
<testsuite hostname="JeffSchulthies.local" name="data.parser.HomepageTest" tests="1" failures="0" timestamp="15 Apr 2015 04:49:26 GMT" time="0.001" errors="0">
  <testcase name="testRetrieveHomepage" time="0.001" classname="data.parser.HomepageTest"/>
</testsuite> <!-- data.parser.HomepageTest -->
