<?xml version="1.0" encoding="UTF-8"?>
<!-- Generated by org.testng.reporters.JUnitReportReporter -->
<testsuite hostname="JeffSchulthies.local" name="data.parser.ArticleHeadlineTest" tests="1" failures="0" timestamp="15 Apr 2015 04:49:26 GMT" time="0.261" errors="0">
  <testcase name="testRetrieveArticleHeadline" time="0.261" classname="data.parser.ArticleHeadlineTest"/>
</testsuite> <!-- data.parser.ArticleHeadlineTest -->
