<?xml version="1.0" encoding="UTF-8"?>
<!-- Generated by org.testng.reporters.JUnitReportReporter -->
<testsuite hostname="JeffSchulthies.local" name="data.retrieval.RetrievePageTest" tests="2" failures="0" timestamp="15 Apr 2015 04:49:26 GMT" time="0.000" errors="0">
  <testcase name="testRetrieveWebPage" time="0.000" classname="data.retrieval.RetrievePageTest"/>
  <testcase name="testRetrieveFirstArticle" time="0.000" classname="data.retrieval.RetrievePageTest"/>
</testsuite> <!-- data.retrieval.RetrievePageTest -->
